2025-03-05T11:45:08.022+05:30  INFO 3308 --- [S17_Spring_Boot_Loggins] [main] l.i.s.S17SpringBootLogginsApplication    : Starting S17SpringBootLogginsApplication using Java 17.0.10 with PID 3308 (C:\Users\DELL\Documents\Spring-Framework\S17_Spring_Boot_Loggins\target\classes started by DELL in C:\Users\DELL\Documents\Spring-Framework)
2025-03-05T11:45:08.024+05:30 DEBUG 3308 --- [S17_Spring_Boot_Loggins] [main] l.i.s.S17SpringBootLogginsApplication    : Running with Spring Boot v3.4.3, Spring v6.2.3
2025-03-05T11:45:08.025+05:30  INFO 3308 --- [S17_Spring_Boot_Loggins] [main] l.i.s.S17SpringBootLogginsApplication    : No active profile set, falling back to 1 default profile: "default"
2025-03-05T11:45:08.870+05:30  INFO 3308 --- [S17_Spring_Boot_Loggins] [main] o.s.b.w.embedded.tomcat.TomcatWebServer  : Tomcat initialized with port 8080 (http)
2025-03-05T11:45:08.883+05:30  INFO 3308 --- [S17_Spring_Boot_Loggins] [main] o.apache.catalina.core.StandardService   : Starting service [Tomcat]
2025-03-05T11:45:08.884+05:30  INFO 3308 --- [S17_Spring_Boot_Loggins] [main] o.apache.catalina.core.StandardEngine    : Starting Servlet engine: [Apache Tomcat/10.1.36]
2025-03-05T11:45:08.930+05:30  INFO 3308 --- [S17_Spring_Boot_Loggins] [main] o.a.c.c.C.[Tomcat].[localhost].[/]       : Initializing Spring embedded WebApplicationContext
2025-03-05T11:45:08.930+05:30  INFO 3308 --- [S17_Spring_Boot_Loggins] [main] w.s.c.ServletWebServerApplicationContext : Root WebApplicationContext: initialization completed in 859 ms
2025-03-05T11:45:09.291+05:30  INFO 3308 --- [S17_Spring_Boot_Loggins] [main] o.s.b.w.embedded.tomcat.TomcatWebServer  : Tomcat started on port 8080 (http) with context path '/'
2025-03-05T11:45:09.299+05:30  INFO 3308 --- [S17_Spring_Boot_Loggins] [main] l.i.s.S17SpringBootLogginsApplication    : Started S17SpringBootLogginsApplication in 1.697 seconds (process running for 2.214)
2025-03-05T11:47:28.097+05:30  INFO 3308 --- [S17_Spring_Boot_Loggins] [http-nio-8080-exec-2] o.a.c.c.C.[Tomcat].[localhost].[/]       : Initializing Spring DispatcherServlet 'dispatcherServlet'
2025-03-05T11:47:28.098+05:30  INFO 3308 --- [S17_Spring_Boot_Loggins] [http-nio-8080-exec-2] o.s.web.servlet.DispatcherServlet        : Initializing Servlet 'dispatcherServlet'
2025-03-05T11:47:28.099+05:30  INFO 3308 --- [S17_Spring_Boot_Loggins] [http-nio-8080-exec-2] o.s.web.servlet.DispatcherServlet        : Completed initialization in 1 ms
2025-03-05T11:47:28.123+05:30 DEBUG 3308 --- [S17_Spring_Boot_Loggins] [http-nio-8080-exec-2] l.i.s.controller.DemoController          : Debug Message
2025-03-05T11:47:28.124+05:30  INFO 3308 --- [S17_Spring_Boot_Loggins] [http-nio-8080-exec-2] l.i.s.controller.DemoController          : Info Message
2025-03-05T11:47:28.124+05:30  WARN 3308 --- [S17_Spring_Boot_Loggins] [http-nio-8080-exec-2] l.i.s.controller.DemoController          : Warn Message
2025-03-05T11:47:28.124+05:30 ERROR 3308 --- [S17_Spring_Boot_Loggins] [http-nio-8080-exec-2] l.i.s.controller.DemoController          : Error Message
2025-03-05T11:49:22.633+05:30  INFO 3308 --- [S17_Spring_Boot_Loggins] [SpringApplicationShutdownHook] o.s.b.w.e.tomcat.GracefulShutdown        : Commencing graceful shutdown. Waiting for active requests to complete
2025-03-05T11:49:22.773+05:30  INFO 3308 --- [S17_Spring_Boot_Loggins] [tomcat-shutdown] o.s.b.w.e.tomcat.GracefulShutdown        : Graceful shutdown complete
2025-03-05T11:49:26.458+05:30  INFO 14164 --- [S17_Spring_Boot_Loggins] [main] l.i.s.S17SpringBootLogginsApplication    : Starting S17SpringBootLogginsApplication using Java 17.0.10 with PID 14164 (C:\Users\DELL\Documents\Spring-Framework\S17_Spring_Boot_Loggins\target\classes started by DELL in C:\Users\DELL\Documents\Spring-Framework)
2025-03-05T11:49:26.462+05:30 DEBUG 14164 --- [S17_Spring_Boot_Loggins] [main] l.i.s.S17SpringBootLogginsApplication    : Running with Spring Boot v3.4.3, Spring v6.2.3
2025-03-05T11:49:26.463+05:30  INFO 14164 --- [S17_Spring_Boot_Loggins] [main] l.i.s.S17SpringBootLogginsApplication    : No active profile set, falling back to 1 default profile: "default"
2025-03-05T11:49:27.296+05:30  INFO 14164 --- [S17_Spring_Boot_Loggins] [main] o.s.b.w.embedded.tomcat.TomcatWebServer  : Tomcat initialized with port 8080 (http)
2025-03-05T11:49:27.307+05:30  INFO 14164 --- [S17_Spring_Boot_Loggins] [main] o.apache.catalina.core.StandardService   : Starting service [Tomcat]
2025-03-05T11:49:27.308+05:30  INFO 14164 --- [S17_Spring_Boot_Loggins] [main] o.apache.catalina.core.StandardEngine    : Starting Servlet engine: [Apache Tomcat/10.1.36]
2025-03-05T11:49:27.348+05:30  INFO 14164 --- [S17_Spring_Boot_Loggins] [main] o.a.c.c.C.[Tomcat].[localhost].[/]       : Initializing Spring embedded WebApplicationContext
2025-03-05T11:49:27.349+05:30  INFO 14164 --- [S17_Spring_Boot_Loggins] [main] w.s.c.ServletWebServerApplicationContext : Root WebApplicationContext: initialization completed in 847 ms
2025-03-05T11:49:27.665+05:30  INFO 14164 --- [S17_Spring_Boot_Loggins] [main] o.s.b.w.embedded.tomcat.TomcatWebServer  : Tomcat started on port 8080 (http) with context path '/'
2025-03-05T11:49:27.674+05:30  INFO 14164 --- [S17_Spring_Boot_Loggins] [main] l.i.s.S17SpringBootLogginsApplication    : Started S17SpringBootLogginsApplication in 1.629 seconds (process running for 2.126)
2025-03-05T11:49:33.298+05:30  INFO 14164 --- [S17_Spring_Boot_Loggins] [http-nio-8080-exec-1] o.a.c.c.C.[Tomcat].[localhost].[/]       : Initializing Spring DispatcherServlet 'dispatcherServlet'
2025-03-05T11:49:33.298+05:30  INFO 14164 --- [S17_Spring_Boot_Loggins] [http-nio-8080-exec-1] o.s.web.servlet.DispatcherServlet        : Initializing Servlet 'dispatcherServlet'
2025-03-05T11:49:33.299+05:30  INFO 14164 --- [S17_Spring_Boot_Loggins] [http-nio-8080-exec-1] o.s.web.servlet.DispatcherServlet        : Completed initialization in 1 ms
2025-03-05T11:49:33.319+05:30 DEBUG 14164 --- [S17_Spring_Boot_Loggins] [http-nio-8080-exec-1] l.i.s.controller.DemoController          : Debug Message
2025-03-05T11:49:33.320+05:30  INFO 14164 --- [S17_Spring_Boot_Loggins] [http-nio-8080-exec-1] l.i.s.controller.DemoController          : Info Message
2025-03-05T11:49:33.320+05:30  WARN 14164 --- [S17_Spring_Boot_Loggins] [http-nio-8080-exec-1] l.i.s.controller.DemoController          : Warn Message
2025-03-05T11:49:33.320+05:30 ERROR 14164 --- [S17_Spring_Boot_Loggins] [http-nio-8080-exec-1] l.i.s.controller.DemoController          : Error Message
2025-03-05T11:52:22.672+05:30 DEBUG 14164 --- [S17_Spring_Boot_Loggins] [http-nio-8080-exec-5] l.i.s.controller.DemoController          : Debug Message
2025-03-05T11:52:22.672+05:30  INFO 14164 --- [S17_Spring_Boot_Loggins] [http-nio-8080-exec-5] l.i.s.controller.DemoController          : Info Message
2025-03-05T11:52:22.672+05:30  WARN 14164 --- [S17_Spring_Boot_Loggins] [http-nio-8080-exec-5] l.i.s.controller.DemoController          : Warn Message
2025-03-05T11:52:22.672+05:30 ERROR 14164 --- [S17_Spring_Boot_Loggins] [http-nio-8080-exec-5] l.i.s.controller.DemoController          : Error Message
